
### 1-login
  [shot] f3-01-login-filled.png
  [shot] f3-02-after-login.png
  [after-login] url=/#/gantt/6676c2c6-2bea-4535-b723-4e371ae5802f
  [after-login] fields=["gantt-task-search|search"]
  [after-login] actions=["メインコンテンツへスキップ","LapoSite現場工程を最短で開く","自動","AIに相談","メニュー","ログアウト","AIに相談今の画面を見ながら相談","今日の優先遅延・予算・安全を確認","見積作成案件から金額へ進める","ダッシュボード","案件一覧","工程","写真","お金","現場を進める","プロフィール・設定","表示モード現場監督","重要通知 0件+19件は30日以上前（タップで展開）","一覧","工程追加","MS 1","変更 0","依存関係を接続","マスタから読み込む","工程テンプレート","テンプレ保存","雨天中止","PDF出力","カレンダー (.ics)","リスク予測","指示で編集","リソース分析","渋谷ワインバー Bre.S SHIBUYA","ゴディバ サンシャインシティ池袋店","ニチイケアセンター豪徳寺","監査テスト案件 20260703","全表示","全非表示","塗装","軽鉄","電気","配管","仕上","その他","折"]
  body: メインコンテンツへスキップ LapoSite 現場工程を最短で開く 自動 AIに相談 e2e-20260721@laporta.co.jp ログアウト 次にやること AIに相談 今の画面を見ながら相談 今日の優先 遅延・予算・安全を確認 見積作成 案件から金額へ進める ダッシュボード 案件一覧 工程 写真 お金 現場を進める プロフィール・設定 表示モード 現場監督 重要通知 0件 +19件は30日以上前 （タップで展開） 一覧 工程表 渋谷ワインバー Bre.S SHIBUYA 進行中 2026/3/1 - 2026/4/22 14件 遅延 9件 次: 内装仕上工事 工程追加 MS 1 変更
  => PASS

### 2-project-create
  route after 案件一覧 click: /#/app
  [shot] f3-03-projects.png
  [projects] url=/#/app
  [projects] fields=[]
  [projects] actions=["メインコンテンツへスキップ","LapoSite現場工程を最短で開く","自動","AIに相談","メニュー","ログアウト","AIに相談今の画面を見ながら相談","今日の優先遅延・予算・安全を確認","見積作成案件から金額へ進める","ダッシュボード","案件一覧","工程","写真","お金","現場を進める","プロフィール・設定","表示モード現場監督","通知一覧へ","期限超過タスク 19件","新規案件","渋谷ワインバー Bre.S SHIBUYA進行中通常","ドキュメント","監査テスト案件 20260703計画中メモ記録を開く","ゴディバ サンシャインシティ池袋店進行中通常工程表を","ニチイケアセンター豪徳寺計画中通常工程表を開くドキュ","今日","案件","その他"]
  [shot] f3-04-project-form.png
  [project-form] url=/#/app
  [project-form] fields=["project-name|text"]
  [project-form] actions=["メインコンテンツへスキップ","LapoSite現場工程を最短で開く","自動","AIに相談","メニュー","ログアウト","AIに相談今の画面を見ながら相談","今日の優先遅延・予算・安全を確認","見積作成案件から金額へ進める","ダッシュボード","案件一覧","工程","写真","お金","現場を進める","プロフィール・設定","表示モード現場監督","通知一覧へ","期限超過タスク 19件","フォームを閉じる","メモ案件案件名だけで開始。住所、契約日、工程表は後か","工程表を作る案件これから動く現場。作成後は工程表でタ","完了済み・工程表なしで記録案件名だけでも登録できます","›詳細を設定する（住所・開始日・工程テンプレ）","作成","キャンセル","渋谷ワインバー Bre.S SHIBUYA進行中通常","ドキュメント","監査テスト案件 20260703計画中メモ記録を開く","ゴディバ サンシャインシティ池袋店進行中通常工程表を","ニチイケアセンター豪徳寺計画中通常工程表を開くドキュ","今日","案件","その他"]
  [shot] f3-05-project-filled.png
  [shot] f3-06-project-created.png
  body: メインコンテンツへスキップ LapoSite 現場工程を最短で開く 自動 AIに相談 e2e-20260721@laporta.co.jp ログアウト 次にやること AIに相談 今の画面を見ながら相談 今日の優先 遅延・予算・安全を確認 見積作成 案件から金額へ進める ダッシュボード 案件一覧 工程 写真 お金 現場を進める プロフィール・設定 表示モード 現場監督 アラートセンター 重要通知 0件+19件は30日以上前 通知一覧へ 期限超過タスク 19件 ホーム 案件一覧 案件をタップすると、そのまま工程表を開き
  => PASS

### 3-estimate
  [shot] f3-07-estimate.png
  [estimate] url=/#/estimate
  [estimate] fields=[]
  [estimate] actions=["メインコンテンツへスキップ","LapoSite現場工程を最短で開く","自動","AIに相談","メニュー","ログアウト","AIに相談今の画面を見ながら相談","今日の優先遅延・予算・安全を確認","見積作成案件から金額へ進める","ダッシュボード","案件一覧","工程","写真","お金","現場を進める","プロフィール・設定","表示モード現場監督","通知一覧へ","期限超過タスク 19件","推奨📄PDF読取業者の見積PDFを読み込んで自動で","✏️品目追加品目カタログから選んで組み立てる","今日","案件","その他"]
  body: メインコンテンツへスキップ LapoSite 現場工程を最短で開く 自動 AIに相談 e2e-20260721@laporta.co.jp ログアウト 次にやること AIに相談 今の画面を見ながら相談 今日の優先 遅延・予算・安全を確認 見積作成 案件から金額へ進める ダッシュボード 案件一覧 工程 写真 お金 現場を進める プロフィール・設定 表示モード 現場監督 アラートセンター 重要通知 0件+19件は30日以上前 通知一覧へ 期限超過タスク 19件 見積 作成方法を選んでください 推奨 📄 PDF読取 業者の見積PDFを読み込んで自動でドラフト化 ✏️ 品目追加 品目カタログから選んで組み立てる
  => PASS

### 4-invoice
  [shot] f3-08-invoices.png
  [invoices] url=/#/invoices
  [invoices] fields=[]
  [invoices] actions=["メインコンテンツへスキップ","LapoSite現場工程を最短で開く","自動","AIに相談","メニュー","ログアウト","AIに相談今の画面を見ながら相談","今日の優先遅延・予算・安全を確認","見積作成案件から金額へ進める","ダッシュボード","案件一覧","工程","写真","お金","現場を進める","プロフィール・設定","表示モード現場監督","通知一覧へ","期限超過タスク 19件","請求書を登録","全部","受領","確認待ち","支払予定","支払済み","今日","案件","その他"]
  body: メインコンテンツへスキップ LapoSite 現場工程を最短で開く 自動 AIに相談 e2e-20260721@laporta.co.jp ログアウト 次にやること AIに相談 今の画面を見ながら相談 今日の優先 遅延・予算・安全を確認 見積作成 案件から金額へ進める ダッシュボード 案件一覧 工程 写真 お金 現場を進める プロフィール・設定 表示モード 現場監督 アラートセンター 重要通知 0件+19件は30日以上前 通知一覧へ 期限超過タスク 19件 請求書管理 請求書を登録 未払い合計 ￥0 今月支払予定 ￥0 今月支払済み ￥0 全部 受領 確認待ち 支払予定 支払済み 請求書がありません 受領した請求書を登録すると、支払予定と未払い合計をここで確認できます。 請求書を登録
  => PASS

=== console/page errors: 0 ===

=== RESULTS ===
  1-login: PASS
  2-project-create: PASS
  3-estimate: PASS
  4-invoice: PASS
