
### 1-login
  [shot] f4-01-login-filled.png
  [shot] f4-02-after-login.png
  [after-login] url=/#/gantt/12df83d5-97bc-429a-b0c7-096a9afd6b74
  [after-login] fields=["gantt-task-search|search"]
  [after-login] actions=["メインコンテンツへスキップ","LapoSite現場工程を最短で開く","自動","AIに相談","メニュー","ログアウト","AIに相談今の画面を見ながら相談","今日の優先遅延・予算・安全を確認","見積作成案件から金額へ進める","ダッシュボード","案件一覧","工程","写真","お金","現場を進める","プロフィール・設定","表示モード現場監督","重要通知 0件+19件は30日以上前（タップで展開）","一覧","工程追加","MS 0","変更 0","依存関係を接続","マスタから読み込む","工程テンプレート","テンプレ保存","雨天中止","PDF出力","カレンダー (.ics)","リスク予測","指示で編集","リソース分析","渋谷ワインバー Bre.S SHIBUYA","ゴディバ サンシャインシティ池袋店","ニチイケアセンター豪徳寺","監査テスト案件 20260703","E2E検証案件-20260721","全表示","全非表示","塗装","軽鉄","電気","配管","仕上","その他"]
  body: メインコンテンツへスキップ LapoSite 現場工程を最短で開く 自動 AIに相談 e2e-20260721@laporta.co.jp ログアウト 次にやること AIに相談 今の画面を見ながら相談 今日の優先 遅延・予算・安全を確認 見積作成 案件から金額へ進める ダッシュボード 案件一覧 工程 写真 お金 現場を進める プロフィール・設定 表示モード 現場監督 重要通知 0件 +19件は30日以上前 （タップで展開） 一覧 工程表 E2E検証案件-20260721 計画中 2026/7/21 - 2026/8/11 0件 工程追加 MS 0 変更 0 編集 出力 分析 工程上の主要マイル
  => PASS

### 2-project-create
  route after 案件一覧 click: /#/app
  [shot] f4-03-projects.png
  [projects] url=/#/app
  [projects] fields=[]
  [projects] actions=["メインコンテンツへスキップ","LapoSite現場工程を最短で開く","自動","AIに相談","メニュー","ログアウト","AIに相談今の画面を見ながら相談","今日の優先遅延・予算・安全を確認","見積作成案件から金額へ進める","ダッシュボード","案件一覧","工程","写真","お金","現場を進める","プロフィール・設定","表示モード現場監督","通知一覧へ","期限超過タスク 19件","新規案件","E2E検証案件-20260721計画中メモ記録を開く","ドキュメント","渋谷ワインバー Bre.S SHIBUYA進行中通常","監査テスト案件 20260703計画中メモ記録を開く","ゴディバ サンシャインシティ池袋店進行中通常工程表を","ニチイケアセンター豪徳寺計画中通常工程表を開くドキュ","今日","案件","その他"]
  [shot] f4-04-project-form.png
  [project-form] url=/#/app
  [project-form] fields=["project-name|text"]
  [project-form] actions=["メインコンテンツへスキップ","LapoSite現場工程を最短で開く","自動","AIに相談","メニュー","ログアウト","AIに相談今の画面を見ながら相談","今日の優先遅延・予算・安全を確認","見積作成案件から金額へ進める","ダッシュボード","案件一覧","工程","写真","お金","現場を進める","プロフィール・設定","表示モード現場監督","通知一覧へ","期限超過タスク 19件","フォームを閉じる","メモ案件案件名だけで開始。住所、契約日、工程表は後か","工程表を作る案件これから動く現場。作成後は工程表でタ","完了済み・工程表なしで記録案件名だけでも登録できます","›詳細を設定する（住所・開始日・工程テンプレ）","作成","キャンセル","E2E検証案件-20260721計画中メモ記録を開く","ドキュメント","渋谷ワインバー Bre.S SHIBUYA進行中通常","監査テスト案件 20260703計画中メモ記録を開く","ゴディバ サンシャインシティ池袋店進行中通常工程表を","ニチイケアセンター豪徳寺計画中通常工程表を開くドキュ","今日","案件","その他"]
  [shot] f4-05-project-filled.png
  [shot] f4-06-project-created.png
  body: メインコンテンツへスキップ LapoSite 現場工程を最短で開く 自動 AIに相談 e2e-20260721@laporta.co.jp ログアウト 次にやること AIに相談 今の画面を見ながら相談 今日の優先 遅延・予算・安全を確認 見積作成 案件から金額へ進める ダッシュボード 案件一覧 工程 写真 お金 現場を進める プロフィール・設定 表示モード 現場監督 アラートセンター 重要通知 0件+19件は30日以上前 通知一覧へ 期限超過タスク 19件 ホーム 案件一覧 案件をタップすると、そのまま工程表を開き
  => PASS

### 3-estimate
  [shot] f4-07-estimate.png
  [shot] f4-07b-estimate-items.png
  [estimate-items] url=/#/estimate
  [estimate-items] fields=["estimate-project|select-one","estimate-property|text","estimate-client|text"]
  [estimate-items] actions=["メインコンテンツへスキップ","LapoSite現場工程を最短で開く","自動","AIに相談","メニュー","ログアウト","AIに相談今の画面を見ながら相談","今日の優先遅延・予算・安全を確認","見積作成案件から金額へ進める","ダッシュボード","案件一覧","工程","写真","お金","現場を進める","プロフィール・設定","表示モード現場監督","通知一覧へ","期限超過タスク 19件","←作成方法を選び直す","解体・撤去15品目","内装・仕上げ43品目","電気設備25品目","給排水・衛生設備25品目","空調・換気設備25品目","建具・家具・金物20品目","店舗工事30品目","リノベーション32品目","足場・仮設8品目","左官・モルタル造形12品目","諸経費・管理費12品目","今日","案件","その他"]
  body: メインコンテンツへスキップ LapoSite 現場工程を最短で開く 自動 AIに相談 e2e-20260721@laporta.co.jp ログアウト 次にやること AIに相談 今の画面を見ながら相談 今日の優先 遅延・予算・安全を確認 見積作成 案件から金額へ進める ダッシュボード 案件一覧 工程 写真 お金 現場を進める プロフィール・設定 表示モード 現場監督 アラートセンター 重要通知 0件+19件は30日以上前 通知一覧へ 期限超過タスク 19件 ← 作成方法を選び直す 見積（手動作成） 品目から手動で作成 案件を選ぶ（任意） 選択しない（未紐づけ） E2E検証案件-20260721 E2E検証案件-20260721-b ゴディバ サンシャインシティ池袋店 ニチイケアセンター豪徳寺 監査テスト案件 20260703 渋谷ワインバー Bre.S SHIBUYA 物件名 * お客様名 品目カタログ 解体・撤去 15品目 内装・仕上げ 43品目 電気設備 25品目 給排水・衛生設備 25品目 空調・換気設備 25品目 建具・家具・金物 20品目 店舗工事 30品目 リノベーション 
  => PASS

### 4-invoice
  [shot] f4-08-invoices.png
  [shot] f4-08b-invoice-form.png
  [invoice-form] url=/#/invoices
  [invoice-form] fields=["(noid)|select-one","(noid)|text","(noid)|text","(noid)|number","(noid)|number","(noid)|date","(noid)|date","(noid)|text","(noid)|text","(noid)|text"]
  [invoice-form] actions=["メインコンテンツへスキップ","LapoSite現場工程を最短で開く","自動","AIに相談","メニュー","ログアウト","AIに相談今の画面を見ながら相談","今日の優先遅延・予算・安全を確認","見積作成案件から金額へ進める","ダッシュボード","案件一覧","工程","写真","お金","現場を進める","プロフィール・設定","表示モード現場監督","通知一覧へ","期限超過タスク 19件","閉じる","請求書を登録","キャンセル","全部","受領","確認待ち","支払予定","支払済み","今日","案件","その他"]
  body: メインコンテンツへスキップ LapoSite 現場工程を最短で開く 自動 AIに相談 e2e-20260721@laporta.co.jp ログアウト 次にやること AIに相談 今の画面を見ながら相談 今日の優先 遅延・予算・安全を確認 見積作成 案件から金額へ進める ダッシュボード 案件一覧 工程 写真 お金 現場を進める プロフィール・設定 表示モード 現場監督 アラートセンター 重要通知 0件+19件は30日以上前 通知一覧へ 期限超過タスク 19件 請求書管理 閉じる 未払い合計 ￥0 今月支払予定 ￥0 今月支払済み ￥0 請求書を登録 案件 渋谷ワインバー Bre.S SHIBUYA ゴディバ サンシャインシティ池袋店 ニチイケアセンター豪徳寺 監査テスト案件 20260703 E2E検証案件-20260721 E2E検証案件-20260721-b 業者名 * 担当者 金額（税抜）* 消費税 請求日 * 支払期日 登録番号 振込先 PDFパス (OCR取込) 請求書を登録 キャンセル 全部 受領 確認待ち 支払予定 支払済み 請求書がありません 受領した請求書を登録すると、
  => PASS

=== console/page errors: 0 ===

=== RESULTS ===
  1-login: PASS
  2-project-create: PASS
  3-estimate: PASS
  4-invoice: PASS
